Log file open, 08/27/20 01:48:32
LogInit: Display: Running engine for game: TDM_FPS_PVP
LogPlatformFile: Not using cached read wrapper
LogTaskGraph: Started task graph with 5 named threads and 23 total threads with 3 sets of task threads.
LogStats: Stats thread started at 9.249275
LogD3D11RHI: Loaded GFSDK_Aftermath_Lib.x64.dll
LogICUInternationalization: ICU TimeZone Detection - Raw Offset: -8:00, Platform Override: ''
LogPluginManager: Mounting plugin Paper2D
LogPluginManager: Mounting plugin AISupport
LogPluginManager: Mounting plugin LightPropagationVolume
LogPluginManager: Mounting plugin CameraShakePreviewer
LogPluginManager: Mounting plugin ActorLayerUtilities
LogPluginManager: Mounting plugin AnimationSharing
LogPluginManager: Mounting plugin CLionSourceCodeAccess
LogPluginManager: Mounting plugin CodeLiteSourceCodeAccess
LogPluginManager: Mounting plugin GitSourceControl
LogPluginManager: Mounting plugin KDevelopSourceCodeAccess
LogPluginManager: Mounting plugin NullSourceCodeAccess
LogPluginManager: Mounting plugin PerforceSourceControl
LogPluginManager: Mounting plugin PlasticSourceControl
LogPluginManager: Mounting plugin RiderSourceCodeAccess
LogPluginManager: Mounting plugin SubversionSourceControl
LogPluginManager: Mounting plugin UObjectPlugin
LogPluginManager: Mounting plugin VisualStudioCodeSourceCodeAccess
LogPluginManager: Mounting plugin VisualStudioSourceCodeAccess
LogPluginManager: Mounting plugin XCodeSourceCodeAccess
LogPluginManager: Mounting plugin AssetManagerEditor
LogPluginManager: Mounting plugin CryptoKeys
LogPluginManager: Mounting plugin CurveEditorTools
LogPluginManager: Mounting plugin DataValidation
LogPluginManager: Mounting plugin EditorScriptingUtilities
LogPluginManager: Mounting plugin FacialAnimation
LogPluginManager: Mounting plugin GameplayTagsEditor
LogPluginManager: Mounting plugin GeometryMode
LogPluginManager: Mounting plugin MacGraphicsSwitching
LogPluginManager: Mounting plugin MaterialAnalyzer
LogPluginManager: Mounting plugin MobileLauncherProfileWizard
LogPluginManager: Mounting plugin PluginBrowser
LogPluginManager: Mounting plugin SpeedTreeImporter
LogPluginManager: Mounting plugin DatasmithContent
LogPluginManager: Mounting plugin VariantManagerContent
LogPluginManager: Mounting plugin AlembicImporter
LogPluginManager: Mounting plugin AutomationUtils
LogPluginManager: Mounting plugin BackChannel
LogPluginManager: Mounting plugin ChaosCloth
LogPluginManager: Mounting plugin ChaosClothEditor
LogPluginManager: Mounting plugin ChaosEditor
LogPluginManager: Mounting plugin ChaosNiagara
LogPluginManager: Mounting plugin ChaosSolverPlugin
LogPluginManager: Mounting plugin CharacterAI
LogPluginManager: Mounting plugin GeometryCache
LogPluginManager: Mounting plugin GeometryCollectionPlugin
LogPluginManager: Mounting plugin GeometryProcessing
LogPluginManager: Mounting plugin PlanarCut
LogPluginManager: Mounting plugin PlatformCrypto
LogPluginManager: Mounting plugin ProxyLODPlugin
LogPluginManager: Mounting plugin SkeletalReduction
LogPluginManager: Mounting plugin Niagara
LogPluginManager: Mounting plugin MagicLeap
LogPluginManager: Mounting plugin MagicLeapLightEstimation
LogPluginManager: Mounting plugin MagicLeapMedia
LogPluginManager: Mounting plugin MagicLeapPassableWorld
LogPluginManager: Mounting plugin MLSDK
LogPluginManager: Mounting plugin AndroidMedia
LogPluginManager: Mounting plugin AvfMedia
LogPluginManager: Mounting plugin ImgMedia
LogPluginManager: Mounting plugin MediaCompositing
LogPluginManager: Mounting plugin MediaPlayerEditor
LogPluginManager: Mounting plugin WebMMedia
LogPluginManager: Mounting plugin WmfMedia
LogPluginManager: Mounting plugin MeshPainting
LogPluginManager: Mounting plugin TcpMessaging
LogPluginManager: Mounting plugin UdpMessaging
LogPluginManager: Mounting plugin ActorSequence
LogPluginManager: Mounting plugin LevelSequenceEditor
LogPluginManager: Mounting plugin MatineeToLevelSequence
LogPluginManager: Mounting plugin MovieRenderPipeline
LogPluginManager: Mounting plugin TemplateSequence
LogPluginManager: Mounting plugin NetcodeUnitTest
LogPluginManager: Mounting plugin NUTUnrealEngine4
LogPluginManager: Mounting plugin OnlineSubsystemGooglePlay
LogPluginManager: Mounting plugin OnlineSubsystemIOS
LogPluginManager: Mounting plugin OnlineSubsystem
LogPluginManager: Mounting plugin OnlineSubsystemNull
LogPluginManager: Mounting plugin OnlineSubsystemUtils
LogPluginManager: Mounting plugin LauncherChunkInstaller
LogPluginManager: Mounting plugin AndroidDeviceProfileSelector
LogPluginManager: Mounting plugin AndroidMoviePlayer
LogPluginManager: Mounting plugin AndroidPermission
LogPluginManager: Mounting plugin AppleImageUtils
LogPluginManager: Mounting plugin AppleMoviePlayer
LogPluginManager: Mounting plugin ArchVisCharacter
LogPluginManager: Mounting plugin AssetTags
LogPluginManager: Mounting plugin AudioCapture
LogPluginManager: Mounting plugin CableComponent
LogPluginManager: Mounting plugin CustomMeshComponent
LogPluginManager: Mounting plugin EditableMesh
LogPluginManager: Mounting plugin ExampleDeviceProfileSelector
LogPluginManager: Mounting plugin GoogleCloudMessaging
LogPluginManager: Mounting plugin GooglePAD
LogPluginManager: Mounting plugin IOSDeviceProfileSelector
LogPluginManager: Mounting plugin LinuxDeviceProfileSelector
LogPluginManager: Mounting plugin LocationServicesBPLibrary
LogPluginManager: Mounting plugin MobilePatchingUtils
LogPluginManager: Mounting plugin OculusVR
LogPluginManager: Mounting plugin PhysXVehicles
LogPluginManager: Mounting plugin PostSplashScreen
LogPluginManager: Mounting plugin ProceduralMeshComponent
LogPluginManager: Mounting plugin RuntimePhysXCooking
LogPluginManager: Mounting plugin SignificanceManager
LogPluginManager: Mounting plugin SoundFields
LogPluginManager: Mounting plugin SteamVR
LogPluginManager: Mounting plugin Synthesis
LogPluginManager: Mounting plugin WebMMoviePlayer
LogPluginManager: Mounting plugin WindowsMoviePlayer
LogPluginManager: Mounting plugin ScreenshotTools
LogInit: Using libcurl 7.55.1-DEV
LogInit:  - built for x86_64-pc-win32
LogInit:  - supports SSL with OpenSSL/1.1.1
LogInit:  - supports HTTP deflate (compression) using libz 1.2.8
LogInit:  - other features:
LogInit:      CURL_VERSION_SSL
LogInit:      CURL_VERSION_LIBZ
LogInit:      CURL_VERSION_IPV6
LogInit:      CURL_VERSION_ASYNCHDNS
LogInit:      CURL_VERSION_LARGEFILE
LogInit:      CURL_VERSION_IDN
LogInit:  CurlRequestOptions (configurable via config and command line):
LogInit:  - bVerifyPeer = true  - Libcurl will verify peer certificate
LogInit:  - bUseHttpProxy = false  - Libcurl will NOT use HTTP proxy
LogInit:  - bDontReuseConnections = false  - Libcurl will reuse connections
LogInit:  - MaxHostConnections = 16  - Libcurl will limit the number of connections to a host
LogInit:  - LocalHostAddr = Default
LogInit:  - BufferSize = 65536
LogOnline: OSS: Creating online subsystem instance for: NULL
LogInit: WinSock: version 1.1 (2.2), MaxSocks=32767, MaxUdp=65467
LogOnline: OSS: TryLoadSubsystemAndSetDefault: Loaded subsystem for module [NULL]
LogInit: Build: ++UE4+Release-4.25-CL-13942748
LogInit: Engine Version: 4.25.3-13942748+++UE4+Release-4.25
LogInit: Compatible Engine Version: 4.25.0-13144385+++UE4+Release-4.25
LogInit: Net CL: 13144385
LogInit: OS: Windows 10 (Release 1909) (), CPU:         Intel(R) Core(TM) i7-3770 CPU @ 3.40GHz, GPU: NVIDIA GeForce GTX 1060 3GB
LogInit: Compiled (64-bit): Jul 25 2020 02:07:48
LogInit: Compiled with Visual C++: 19.24.28315.00
LogInit: Build Configuration: Development
LogInit: Branch Name: ++UE4+Release-4.25
LogInit: Command Line: 
LogInit: Base Directory: E:/Epic Games/UE_4.25/Engine/Binaries/Win64/
LogInit: Allocator: TBB
LogInit: Installed Engine Build: 1
LogDevObjectVersion: Number of dev versions registered: 26
LogDevObjectVersion:   Dev-Blueprints (B0D832E4-1F89-4F0D-ACCF-7EB736FD4AA2): 10
LogDevObjectVersion:   Dev-Build (E1C64328-A22C-4D53-A36C-8E866417BD8C): 0
LogDevObjectVersion:   Dev-Core (375EC13C-06E4-48FB-B500-84F0262A717E): 4
LogDevObjectVersion:   Dev-Editor (E4B068ED-F494-42E9-A231-DA0B2E46BB41): 38
LogDevObjectVersion:   Dev-Framework (CFFC743F-43B0-4480-9391-14DF171D2073): 37
LogDevObjectVersion:   Dev-Mobile (B02B49B5-BB20-44E9-A304-32B752E40360): 2
LogDevObjectVersion:   Dev-Networking (A4E4105C-59A1-49B5-A7C5-40C4547EDFEE): 0
LogDevObjectVersion:   Dev-Online (39C831C9-5AE6-47DC-9A44-9C173E1C8E7C): 0
LogDevObjectVersion:   Dev-Physics (78F01B33-EBEA-4F98-B9B4-84EACCB95AA2): 4
LogDevObjectVersion:   Dev-Platform (6631380F-2D4D-43E0-8009-CF276956A95A): 0
LogDevObjectVersion:   Dev-Rendering (12F88B9F-8875-4AFC-A67C-D90C383ABD29): 43
LogDevObjectVersion:   Dev-Sequencer (7B5AE74C-D270-4C10-A958-57980B212A5A): 12
LogDevObjectVersion:   Dev-VR (D7296918-1DD6-4BDD-9DE2-64A83CC13884): 3
LogDevObjectVersion:   Dev-LoadTimes (C2A15278-BFE7-4AFE-6C17-90FF531DF755): 1
LogDevObjectVersion:   Private-Geometry (6EACA3D4-40EC-4CC1-B786-8BED09428FC5): 3
LogDevObjectVersion:   Dev-AnimPhys (29E575DD-E0A3-4627-9D10-D276232CDCEA): 17
LogDevObjectVersion:   Dev-Anim (AF43A65D-7FD3-4947-9873-3E8ED9C1BB05): 7
LogDevObjectVersion:   Dev-ReflectionCapture (6B266CEC-1EC7-4B8F-A30B-E4D90942FC07): 1
LogDevObjectVersion:   Dev-Automation (0DF73D61-A23F-47EA-B727-89E90C41499A): 1
LogDevObjectVersion:   FortniteMain (601D1886-AC64-4F84-AA16-D3DE0DEAC7D6): 31
LogDevObjectVersion:   Dev-Enterprise (9DFFBCD6-494F-0158-E221-12823C92A888): 10
LogDevObjectVersion:   Dev-Niagara (F2AED0AC-9AFE-416F-8664-AA7FFA26D6FC): 1
LogDevObjectVersion:   Dev-Destruction (174F1F0B-B4C6-45A5-B13F-2EE8D0FB917D): 10
LogDevObjectVersion:   Dev-Physics-Ext (35F94A83-E258-406C-A318-09F59610247C): 37
LogDevObjectVersion:   Dev-PhysicsMaterial-Chaos (B68FC16E-8B1B-42E2-B453-215C058844FE): 1
LogDevObjectVersion:   Dev-CineCamera (B2E18506-4273-CFC2-A54E-F4BB758BBA07): 1
LogInit: Presizing for max 25165824 objects, including 0 objects not considered by GC, pre-allocating 0 bytes for permanent pool.
LogConfig: Applying CVar settings from Section [/Script/Engine.StreamingSettings] File [G:/TDM_FPS_PVP/Saved/Config/Windows/Engine.ini]
LogConfig: Setting CVar [[s.MinBulkDataSizeForAsyncLoading:131072]]
LogConfig: Setting CVar [[s.AsyncLoadingThreadEnabled:0]]
LogConfig: Setting CVar [[s.EventDrivenLoaderEnabled:1]]
LogConfig: Setting CVar [[s.WarnIfTimeLimitExceeded:0]]
LogConfig: Setting CVar [[s.TimeLimitExceededMultiplier:1.5]]
LogConfig: Setting CVar [[s.TimeLimitExceededMinTime:0.005]]
LogConfig: Setting CVar [[s.UseBackgroundLevelStreaming:1]]
LogConfig: Setting CVar [[s.PriorityAsyncLoadingExtraTime:15.0]]
LogConfig: Setting CVar [[s.LevelStreamingActorsUpdateTimeLimit:5.0]]
LogConfig: Setting CVar [[s.PriorityLevelStreamingActorsUpdateExtraTime:5.0]]
LogConfig: Setting CVar [[s.LevelStreamingComponentsRegistrationGranularity:10]]
LogConfig: Setting CVar [[s.UnregisterComponentsTimeLimit:1.0]]
LogConfig: Setting CVar [[s.LevelStreamingComponentsUnregistrationGranularity:5]]
LogConfig: Setting CVar [[s.FlushStreamingOnExit:1]]
LogInit: Object subsystem initialized
LogConfig: Setting CVar [[con.DebugEarlyDefault:1]]
LogConfig: Setting CVar [[r.setres:1280x720]]
[2020.08.27-08.48.38:449][  0]LogConfig: Setting CVar [[r.VSync:0]]
[2020.08.27-08.48.38:449][  0]LogConfig: Setting CVar [[r.RHICmdBypass:0]]
[2020.08.27-08.48.38:568][  0]LogConfig: Applying CVar settings from Section [/Script/Engine.RendererSettings] File [G:/TDM_FPS_PVP/Saved/Config/Windows/Engine.ini]
[2020.08.27-08.48.38:569][  0]LogConfig: Setting CVar [[r.GPUCrashDebugging:0]]
[2020.08.27-08.48.38:569][  0]LogConfig: Applying CVar settings from Section [/Script/Engine.RendererOverrideSettings] File [G:/TDM_FPS_PVP/Saved/Config/Windows/Engine.ini]
[2020.08.27-08.48.38:569][  0]LogConfig: Applying CVar settings from Section [/Script/Engine.StreamingSettings] File [G:/TDM_FPS_PVP/Saved/Config/Windows/Engine.ini]
[2020.08.27-08.48.38:569][  0]LogConfig: Setting CVar [[s.MinBulkDataSizeForAsyncLoading:131072]]
[2020.08.27-08.48.38:569][  0]LogConfig: Setting CVar [[s.AsyncLoadingThreadEnabled:0]]
[2020.08.27-08.48.38:569][  0]LogConfig: Setting CVar [[s.EventDrivenLoaderEnabled:1]]
[2020.08.27-08.48.38:569][  0]LogConfig: Setting CVar [[s.WarnIfTimeLimitExceeded:0]]
[2020.08.27-08.48.38:569][  0]LogConfig: Setting CVar [[s.TimeLimitExceededMultiplier:1.5]]
[2020.08.27-08.48.38:569][  0]LogConfig: Setting CVar [[s.TimeLimitExceededMinTime:0.005]]
[2020.08.27-08.48.38:569][  0]LogConfig: Setting CVar [[s.UseBackgroundLevelStreaming:1]]
[2020.08.27-08.48.38:569][  0]LogConfig: Setting CVar [[s.PriorityAsyncLoadingExtraTime:15.0]]
[2020.08.27-08.48.38:569][  0]LogConfig: Setting CVar [[s.LevelStreamingActorsUpdateTimeLimit:5.0]]
[2020.08.27-08.48.38:569][  0]LogConfig: Setting CVar [[s.PriorityLevelStreamingActorsUpdateExtraTime:5.0]]
[2020.08.27-08.48.38:569][  0]LogConfig: Setting CVar [[s.LevelStreamingComponentsRegistrationGranularity:10]]
[2020.08.27-08.48.38:569][  0]LogConfig: Setting CVar [[s.UnregisterComponentsTimeLimit:1.0]]
[2020.08.27-08.48.38:569][  0]LogConfig: Setting CVar [[s.LevelStreamingComponentsUnregistrationGranularity:5]]
[2020.08.27-08.48.38:569][  0]LogConfig: Setting CVar [[s.FlushStreamingOnExit:1]]
[2020.08.27-08.48.38:569][  0]LogConfig: Applying CVar settings from Section [/Script/Engine.GarbageCollectionSettings] File [G:/TDM_FPS_PVP/Saved/Config/Windows/Engine.ini]
[2020.08.27-08.48.38:569][  0]LogConfig: Setting CVar [[gc.MaxObjectsNotConsideredByGC:1]]
[2020.08.27-08.48.38:569][  0]LogConfig: Setting CVar [[gc.SizeOfPermanentObjectPool:0]]
[2020.08.27-08.48.38:569][  0]LogConfig: Setting CVar [[gc.FlushStreamingOnGC:0]]
[2020.08.27-08.48.38:569][  0]LogConfig: Setting CVar [[gc.NumRetriesBeforeForcingGC:10]]
[2020.08.27-08.48.38:569][  0]LogConfig: Setting CVar [[gc.AllowParallelGC:1]]
[2020.08.27-08.48.38:569][  0]LogConfig: Setting CVar [[gc.TimeBetweenPurgingPendingKillObjects:61.1]]
[2020.08.27-08.48.38:570][  0]LogConfig: Setting CVar [[gc.MaxObjectsInEditor:25165824]]
[2020.08.27-08.48.38:570][  0]LogConfig: Setting CVar [[gc.IncrementalBeginDestroyEnabled:1]]
[2020.08.27-08.48.38:570][  0]LogConfig: Setting CVar [[gc.CreateGCClusters:1]]
[2020.08.27-08.48.38:570][  0]LogConfig: Setting CVar [[gc.MinGCClusterSize:5]]
[2020.08.27-08.48.38:570][  0]LogConfig: Setting CVar [[gc.ActorClusteringEnabled:0]]
[2020.08.27-08.48.38:570][  0]LogConfig: Setting CVar [[gc.BlueprintClusteringEnabled:0]]
[2020.08.27-08.48.38:570][  0]LogConfig: Setting CVar [[gc.UseDisregardForGCOnDedicatedServers:0]]
[2020.08.27-08.48.38:570][  0]LogConfig: Applying CVar settings from Section [/Script/Engine.NetworkSettings] File [G:/TDM_FPS_PVP/Saved/Config/Windows/Engine.ini]
[2020.08.27-08.48.38:570][  0]LogConfig: Applying CVar settings from Section [/Script/UnrealEd.CookerSettings] File [G:/TDM_FPS_PVP/Saved/Config/Windows/Engine.ini]
[2020.08.27-08.48.38:690][  0]LogConfig: Applying CVar settings from Section [ViewDistanceQuality@3] File [G:/TDM_FPS_PVP/Saved/Config/Windows/Scalability.ini]
[2020.08.27-08.48.38:690][  0]LogConfig: Setting CVar [[r.SkeletalMeshLODBias:0]]
[2020.08.27-08.48.38:690][  0]LogConfig: Setting CVar [[r.ViewDistanceScale:1.0]]
[2020.08.27-08.48.38:690][  0]LogConfig: Applying CVar settings from Section [AntiAliasingQuality@3] File [G:/TDM_FPS_PVP/Saved/Config/Windows/Scalability.ini]
[2020.08.27-08.48.38:690][  0]LogConfig: Setting CVar [[r.PostProcessAAQuality:4]]
[2020.08.27-08.48.38:690][  0]LogConfig: Applying CVar settings from Section [ShadowQuality@3] File [G:/TDM_FPS_PVP/Saved/Config/Windows/Scalability.ini]
[2020.08.27-08.48.38:690][  0]LogConfig: Setting CVar [[r.LightFunctionQuality:1]]
[2020.08.27-08.48.38:690][  0]LogConfig: Setting CVar [[r.ShadowQuality:5]]
[2020.08.27-08.48.38:690][  0]LogConfig: Setting CVar [[r.Shadow.CSM.MaxCascades:10]]
[2020.08.27-08.48.38:690][  0]LogConfig: Setting CVar [[r.Shadow.MaxResolution:2048]]
[2020.08.27-08.48.38:690][  0]LogConfig: Setting CVar [[r.Shadow.MaxCSMResolution:2048]]
[2020.08.27-08.48.38:690][  0]LogConfig: Setting CVar [[r.Shadow.RadiusThreshold:0.01]]
[2020.08.27-08.48.38:690][  0]LogConfig: Setting CVar [[r.Shadow.DistanceScale:1.0]]
[2020.08.27-08.48.38:690][  0]LogConfig: Setting CVar [[r.Shadow.CSM.TransitionScale:1.0]]
[2020.08.27-08.48.38:690][  0]LogConfig: Setting CVar [[r.Shadow.PreShadowResolutionFactor:1.0]]
[2020.08.27-08.48.38:690][  0]LogConfig: Setting CVar [[r.DistanceFieldShadowing:1]]
[2020.08.27-08.48.38:690][  0]LogConfig: Setting CVar [[r.DistanceFieldAO:1]]
[2020.08.27-08.48.38:690][  0]LogConfig: Setting CVar [[r.AOQuality:2]]
[2020.08.27-08.48.38:690][  0]LogConfig: Setting CVar [[r.VolumetricFog:1]]
[2020.08.27-08.48.38:690][  0]LogConfig: Setting CVar [[r.VolumetricFog.GridPixelSize:8]]
[2020.08.27-08.48.38:690][  0]LogConfig: Setting CVar [[r.VolumetricFog.GridSizeZ:128]]
[2020.08.27-08.48.38:690][  0]LogConfig: Setting CVar [[r.VolumetricFog.HistoryMissSupersampleCount:4]]
[2020.08.27-08.48.38:690][  0]LogConfig: Setting CVar [[r.LightMaxDrawDistanceScale:1]]
[2020.08.27-08.48.38:690][  0]LogConfig: Setting CVar [[r.CapsuleShadows:1]]
[2020.08.27-08.48.38:691][  0]LogConfig: Applying CVar settings from Section [PostProcessQuality@3] File [G:/TDM_FPS_PVP/Saved/Config/Windows/Scalability.ini]
[2020.08.27-08.48.38:691][  0]LogConfig: Setting CVar [[r.MotionBlurQuality:4]]
[2020.08.27-08.48.38:691][  0]LogConfig: Setting CVar [[r.AmbientOcclusionMipLevelFactor:0.4]]
[2020.08.27-08.48.38:691][  0]LogConfig: Setting CVar [[r.AmbientOcclusionMaxQuality:100]]
[2020.08.27-08.48.38:691][  0]LogConfig: Setting CVar [[r.AmbientOcclusionLevels:-1]]
[2020.08.27-08.48.38:691][  0]LogConfig: Setting CVar [[r.AmbientOcclusionRadiusScale:1.0]]
[2020.08.27-08.48.38:691][  0]LogConfig: Setting CVar [[r.DepthOfFieldQuality:2]]
[2020.08.27-08.48.38:691][  0]LogConfig: Setting CVar [[r.RenderTargetPoolMin:400]]
[2020.08.27-08.48.38:691][  0]LogConfig: Setting CVar [[r.LensFlareQuality:2]]
[2020.08.27-08.48.38:691][  0]LogConfig: Setting CVar [[r.SceneColorFringeQuality:1]]
[2020.08.27-08.48.38:691][  0]LogConfig: Setting CVar [[r.EyeAdaptationQuality:2]]
[2020.08.27-08.48.38:691][  0]LogConfig: Setting CVar [[r.BloomQuality:5]]
[2020.08.27-08.48.38:691][  0]LogConfig: Setting CVar [[r.FastBlurThreshold:100]]
[2020.08.27-08.48.38:691][  0]LogConfig: Setting CVar [[r.Upscale.Quality:3]]
[2020.08.27-08.48.38:691][  0]LogConfig: Setting CVar [[r.Tonemapper.GrainQuantization:1]]
[2020.08.27-08.48.38:691][  0]LogConfig: Setting CVar [[r.LightShaftQuality:1]]
[2020.08.27-08.48.38:691][  0]LogConfig: Setting CVar [[r.Filter.SizeScale:1]]
[2020.08.27-08.48.38:691][  0]LogConfig: Setting CVar [[r.Tonemapper.Quality:5]]
[2020.08.27-08.48.38:691][  0]LogConfig: Setting CVar [[r.DOF.Gather.AccumulatorQuality:1        ; higher gathering accumulator quality]]
[2020.08.27-08.48.38:691][  0]LogConfig: Setting CVar [[r.DOF.Gather.PostfilterMethod:1          ; Median3x3 postfilering method]]
[2020.08.27-08.48.38:691][  0]LogConfig: Setting CVar [[r.DOF.Gather.EnableBokehSettings:0       ; no bokeh simulation when gathering]]
[2020.08.27-08.48.38:691][  0]LogConfig: Setting CVar [[r.DOF.Gather.RingCount:4                 ; medium number of samples when gathering]]
[2020.08.27-08.48.38:691][  0]LogConfig: Setting CVar [[r.DOF.Scatter.ForegroundCompositing:1    ; additive foreground scattering]]
[2020.08.27-08.48.38:691][  0]LogConfig: Setting CVar [[r.DOF.Scatter.BackgroundCompositing:2    ; additive background scattering]]
[2020.08.27-08.48.38:691][  0]LogConfig: Setting CVar [[r.DOF.Scatter.EnableBokehSettings:1      ; bokeh simulation when scattering]]
[2020.08.27-08.48.38:691][  0]LogConfig: Setting CVar [[r.DOF.Scatter.MaxSpriteRatio:0.1         ; only a maximum of 10% of scattered bokeh]]
[2020.08.27-08.48.38:691][  0]LogConfig: Setting CVar [[r.DOF.Recombine.Quality:1                ; cheap slight out of focus]]
[2020.08.27-08.48.38:692][  0]LogConfig: Setting CVar [[r.DOF.Recombine.EnableBokehSettings:0    ; no bokeh simulation on slight out of focus]]
[2020.08.27-08.48.38:692][  0]LogConfig: Setting CVar [[r.DOF.TemporalAAQuality:1                ; more stable temporal accumulation]]
[2020.08.27-08.48.38:692][  0]LogConfig: Setting CVar [[r.DOF.Kernel.MaxForegroundRadius:0.025]]
[2020.08.27-08.48.38:692][  0]LogConfig: Setting CVar [[r.DOF.Kernel.MaxBackgroundRadius:0.025]]
[2020.08.27-08.48.38:692][  0]LogConfig: Applying CVar settings from Section [TextureQuality@3] File [G:/TDM_FPS_PVP/Saved/Config/Windows/Scalability.ini]
[2020.08.27-08.48.38:692][  0]LogConfig: Setting CVar [[r.Streaming.MipBias:0]]
[2020.08.27-08.48.38:692][  0]LogConfig: Setting CVar [[r.Streaming.AmortizeCPUToGPUCopy:0]]
[2020.08.27-08.48.38:692][  0]LogConfig: Setting CVar [[r.Streaming.MaxNumTexturesToStreamPerFrame:0]]
[2020.08.27-08.48.38:692][  0]LogConfig: Setting CVar [[r.Streaming.Boost:1]]
[2020.08.27-08.48.38:692][  0]LogConfig: Setting CVar [[r.MaxAnisotropy:8]]
[2020.08.27-08.48.38:692][  0]LogConfig: Setting CVar [[r.VT.MaxAnisotropy:8]]
[2020.08.27-08.48.38:692][  0]LogConfig: Setting CVar [[r.Streaming.LimitPoolSizeToVRAM:0]]
[2020.08.27-08.48.38:692][  0]LogConfig: Setting CVar [[r.Streaming.PoolSize:1000]]
[2020.08.27-08.48.38:692][  0]LogConfig: Setting CVar [[r.Streaming.MaxEffectiveScreenSize:0]]
[2020.08.27-08.48.38:692][  0]LogConfig: Applying CVar settings from Section [EffectsQuality@3] File [G:/TDM_FPS_PVP/Saved/Config/Windows/Scalability.ini]
[2020.08.27-08.48.38:692][  0]LogConfig: Setting CVar [[r.TranslucencyLightingVolumeDim:64]]
[2020.08.27-08.48.38:692][  0]LogConfig: Setting CVar [[r.RefractionQuality:2]]
[2020.08.27-08.48.38:692][  0]LogConfig: Setting CVar [[r.SSR.Quality:3]]
[2020.08.27-08.48.38:692][  0]LogConfig: Setting CVar [[r.SSR.HalfResSceneColor:0]]
[2020.08.27-08.48.38:692][  0]LogConfig: Setting CVar [[r.SceneColorFormat:4]]
[2020.08.27-08.48.38:692][  0]LogConfig: Setting CVar [[r.DetailMode:2]]
[2020.08.27-08.48.38:692][  0]LogConfig: Setting CVar [[r.TranslucencyVolumeBlur:1]]
[2020.08.27-08.48.38:692][  0]LogConfig: Setting CVar [[r.MaterialQualityLevel:1 ; High quality]]
[2020.08.27-08.48.38:692][  0]LogConfig: Setting CVar [[r.SSS.Scale:1]]
[2020.08.27-08.48.38:692][  0]LogConfig: Setting CVar [[r.SSS.SampleSet:2]]
[2020.08.27-08.48.38:692][  0]LogConfig: Setting CVar [[r.SSS.Quality:1]]
[2020.08.27-08.48.38:692][  0]LogConfig: Setting CVar [[r.SSS.HalfRes:0]]
[2020.08.27-08.48.38:692][  0]LogConfig: Setting CVar [[r.SSGI.Quality:3]]
[2020.08.27-08.48.38:693][  0]LogConfig: Setting CVar [[r.EmitterSpawnRateScale:1.0]]
[2020.08.27-08.48.38:693][  0]LogConfig: Setting CVar [[r.ParticleLightQuality:2]]
[2020.08.27-08.48.38:693][  0]LogConfig: Setting CVar [[r.SkyAtmosphere.AerialPerspectiveLUT.FastApplyOnOpaque:1 ; Always have FastSkyLUT 1 in this case to avoid wrong sky]]
[2020.08.27-08.48.38:693][  0]LogConfig: Setting CVar [[r.SkyAtmosphere.AerialPerspectiveLUT.SampleCountPerSlice:1]]
[2020.08.27-08.48.38:693][  0]LogConfig: Setting CVar [[r.SkyAtmosphere.AerialPerspectiveLUT.DepthResolution:16.0]]
[2020.08.27-08.48.38:693][  0]LogConfig: Setting CVar [[r.SkyAtmosphere.FastSkyLUT:1]]
[2020.08.27-08.48.38:693][  0]LogConfig: Setting CVar [[r.SkyAtmosphere.FastSkyLUT.SampleCountMin:4.0]]
[2020.08.27-08.48.38:693][  0]LogConfig: Setting CVar [[r.SkyAtmosphere.FastSkyLUT.SampleCountMax:32.0]]
[2020.08.27-08.48.38:693][  0]LogConfig: Setting CVar [[r.SkyAtmosphere.SampleCountMin:4.0]]
[2020.08.27-08.48.38:693][  0]LogConfig: Setting CVar [[r.SkyAtmosphere.SampleCountMax:32.0]]
[2020.08.27-08.48.38:693][  0]LogConfig: Setting CVar [[r.SkyAtmosphere.TransmittanceLUT.UseSmallFormat:0]]
[2020.08.27-08.48.38:693][  0]LogConfig: Setting CVar [[r.SkyAtmosphere.TransmittanceLUT.SampleCount:10.0]]
[2020.08.27-08.48.38:693][  0]LogConfig: Setting CVar [[r.SkyAtmosphere.MultiScatteringLUT.SampleCount:15.0]]
[2020.08.27-08.48.38:693][  0]LogConfig: Applying CVar settings from Section [FoliageQuality@3] File [G:/TDM_FPS_PVP/Saved/Config/Windows/Scalability.ini]
[2020.08.27-08.48.38:693][  0]LogConfig: Setting CVar [[foliage.DensityScale:1.0]]
[2020.08.27-08.48.38:693][  0]LogConfig: Setting CVar [[grass.DensityScale:1.0]]
[2020.08.27-08.48.38:693][  0]LogConfig: Applying CVar settings from Section [ShadingQuality@3] File [G:/TDM_FPS_PVP/Saved/Config/Windows/Scalability.ini]
[2020.08.27-08.48.38:693][  0]LogConfig: Setting CVar [[r.HairStrands.SkyLighting.SampleCount:16]]
[2020.08.27-08.48.38:693][  0]LogConfig: Setting CVar [[r.HairStrands.SkyLighting.JitterIntegration:0]]
[2020.08.27-08.48.38:693][  0]LogConfig: Setting CVar [[r.HairStrands.SkyAO.SampleCount:16]]
[2020.08.27-08.48.38:693][  0]LogConfig: Setting CVar [[r.HairStrands.DeepShadow.SuperSampling:0]]
[2020.08.27-08.48.38:693][  0]LogConfig: Setting CVar [[r.HairStrands.VisibilityPPLL:0]]
[2020.08.27-08.48.38:693][  0]LogConfig: Setting CVar [[r.HairStrands.RasterizationScale:0.5]]
[2020.08.27-08.48.38:693][  0]LogConfig: Setting CVar [[r.HairStrands.VelocityRasterizationScale:1]]
[2020.08.27-08.48.38:707][  0]LogInit: Selected Device Profile: [Windows]
[2020.08.27-08.48.38:707][  0]LogInit: Applying CVar settings loaded from the selected device profile: [Windows]
[2020.08.27-08.48.38:732][  0]LogHAL: Display: Platform has ~ 16 GB [17130983424 / 17179869184 / 16], which maps to Larger [LargestMinGB=32, LargerMinGB=12, DefaultMinGB=8, SmallerMinGB=6, SmallestMinGB=0)
[2020.08.27-08.48.38:732][  0]LogInit: Going up to parent DeviceProfile []
[2020.08.27-08.48.38:733][  0]LogConfig: Applying CVar settings from Section [ViewDistanceQuality@3] File [G:/TDM_FPS_PVP/Saved/Config/Windows/Scalability.ini]
[2020.08.27-08.48.38:733][  0]LogConfig: Setting CVar [[r.SkeletalMeshLODBias:0]]
[2020.08.27-08.48.38:733][  0]LogConfig: Setting CVar [[r.ViewDistanceScale:1.0]]
[2020.08.27-08.48.38:733][  0]LogConfig: Applying CVar settings from Section [AntiAliasingQuality@3] File [G:/TDM_FPS_PVP/Saved/Config/Windows/Scalability.ini]
[2020.08.27-08.48.38:733][  0]LogConfig: Setting CVar [[r.PostProcessAAQuality:4]]
[2020.08.27-08.48.38:733][  0]LogConfig: Applying CVar settings from Section [ShadowQuality@3] File [G:/TDM_FPS_PVP/Saved/Config/Windows/Scalability.ini]
[2020.08.27-08.48.38:733][  0]LogConfig: Setting CVar [[r.LightFunctionQuality:1]]
[2020.08.27-08.48.38:733][  0]LogConfig: Setting CVar [[r.ShadowQuality:5]]
[2020.08.27-08.48.38:733][  0]LogConfig: Setting CVar [[r.Shadow.CSM.MaxCascades:10]]
[2020.08.27-08.48.38:733][  0]LogConfig: Setting CVar [[r.Shadow.MaxResolution:2048]]
[2020.08.27-08.48.38:733][  0]LogConfig: Setting CVar [[r.Shadow.MaxCSMResolution:2048]]
[2020.08.27-08.48.38:733][  0]LogConfig: Setting CVar [[r.Shadow.RadiusThreshold:0.01]]
[2020.08.27-08.48.38:733][  0]LogConfig: Setting CVar [[r.Shadow.DistanceScale:1.0]]
[2020.08.27-08.48.38:733][  0]LogConfig: Setting CVar [[r.Shadow.CSM.TransitionScale:1.0]]
[2020.08.27-08.48.38:734][  0]LogConfig: Setting CVar [[r.Shadow.PreShadowResolutionFactor:1.0]]
[2020.08.27-08.48.38:734][  0]LogConfig: Setting CVar [[r.DistanceFieldShadowing:1]]
[2020.08.27-08.48.38:734][  0]LogConfig: Setting CVar [[r.DistanceFieldAO:1]]
[2020.08.27-08.48.38:734][  0]LogConfig: Setting CVar [[r.AOQuality:2]]
[2020.08.27-08.48.38:734][  0]LogConfig: Setting CVar [[r.VolumetricFog:1]]
[2020.08.27-08.48.38:734][  0]LogConfig: Setting CVar [[r.VolumetricFog.GridPixelSize:8]]
[2020.08.27-08.48.38:734][  0]LogConfig: Setting CVar [[r.VolumetricFog.GridSizeZ:128]]
[2020.08.27-08.48.38:734][  0]LogConfig: Setting CVar [[r.VolumetricFog.HistoryMissSupersampleCount:4]]
[2020.08.27-08.48.38:734][  0]LogConfig: Setting CVar [[r.LightMaxDrawDistanceScale:1]]
[2020.08.27-08.48.38:734][  0]LogConfig: Setting CVar [[r.CapsuleShadows:1]]
[2020.08.27-08.48.38:734][  0]LogConfig: Applying CVar settings from Section [PostProcessQuality@3] File [G:/TDM_FPS_PVP/Saved/Config/Windows/Scalability.ini]
[2020.08.27-08.48.38:734][  0]LogConfig: Setting CVar [[r.MotionBlurQuality:4]]
[2020.08.27-08.48.38:734][  0]LogConfig: Setting CVar [[r.AmbientOcclusionMipLevelFactor:0.4]]
[2020.08.27-08.48.38:734][  0]LogConfig: Setting CVar [[r.AmbientOcclusionMaxQuality:100]]
[2020.08.27-08.48.38:734][  0]LogConfig: Setting CVar [[r.AmbientOcclusionLevels:-1]]
[2020.08.27-08.48.38:734][  0]LogConfig: Setting CVar [[r.AmbientOcclusionRadiusScale:1.0]]
[2020.08.27-08.48.38:734][  0]LogConfig: Setting CVar [[r.DepthOfFieldQuality:2]]
[2020.08.27-08.48.38:735][  0]LogConfig: Setting CVar [[r.RenderTargetPoolMin:400]]
[2020.08.27-08.48.38:735][  0]LogConfig: Setting CVar [[r.LensFlareQuality:2]]
[2020.08.27-08.48.38:735][  0]LogConfig: Setting CVar [[r.SceneColorFringeQuality:1]]
[2020.08.27-08.48.38:735][  0]LogConfig: Setting CVar [[r.EyeAdaptationQuality:2]]
[2020.08.27-08.48.38:735][  0]LogConfig: Setting CVar [[r.BloomQuality:5]]
[2020.08.27-08.48.38:735][  0]LogConfig: Setting CVar [[r.FastBlurThreshold:100]]
[2020.08.27-08.48.38:735][  0]LogConfig: Setting CVar [[r.Upscale.Quality:3]]
[2020.08.27-08.48.38:735][  0]LogConfig: Setting CVar [[r.Tonemapper.GrainQuantization:1]]
[2020.08.27-08.48.38:735][  0]LogConfig: Setting CVar [[r.LightShaftQuality:1]]
[2020.08.27-08.48.38:735][  0]LogConfig: Setting CVar [[r.Filter.SizeScale:1]]
[2020.08.27-08.48.38:735][  0]LogConfig: Setting CVar [[r.Tonemapper.Quality:5]]
[2020.08.27-08.48.38:735][  0]LogConfig: Setting CVar [[r.DOF.Gather.AccumulatorQuality:1        ; higher gathering accumulator quality]]
[2020.08.27-08.48.38:735][  0]LogConfig: Setting CVar [[r.DOF.Gather.PostfilterMethod:1          ; Median3x3 postfilering method]]
[2020.08.27-08.48.38:735][  0]LogConfig: Setting CVar [[r.DOF.Gather.EnableBokehSettings:0       ; no bokeh simulation when gathering]]
[2020.08.27-08.48.38:735][  0]LogConfig: Setting CVar [[r.DOF.Gather.RingCount:4                 ; medium number of samples when gathering]]
[2020.08.27-08.48.38:735][  0]LogConfig: Setting CVar [[r.DOF.Scatter.ForegroundCompositing:1    ; additive foreground scattering]]
[2020.08.27-08.48.38:735][  0]LogConfig: Setting CVar [[r.DOF.Scatter.BackgroundCompositing:2    ; additive background scattering]]
[2020.08.27-08.48.38:735][  0]LogConfig: Setting CVar [[r.DOF.Scatter.EnableBokehSettings:1      ; bokeh simulation when scattering]]
[2020.08.27-08.48.38:735][  0]LogConfig: Setting CVar [[r.DOF.Scatter.MaxSpriteRatio:0.1         ; only a maximum of 10% of scattered bokeh]]
[2020.08.27-08.48.38:735][  0]LogConfig: Setting CVar [[r.DOF.Recombine.Quality:1                ; cheap slight out of focus]]
[2020.08.27-08.48.38:735][  0]LogConfig: Setting CVar [[r.DOF.Recombine.EnableBokehSettings:0    ; no bokeh simulation on slight out of focus]]
[2020.08.27-08.48.38:735][  0]LogConfig: Setting CVar [[r.DOF.TemporalAAQuality:1                ; more stable temporal accumulation]]
[2020.08.27-08.48.38:735][  0]LogConfig: Setting CVar [[r.DOF.Kernel.MaxForegroundRadius:0.025]]
[2020.08.27-08.48.38:735][  0]LogConfig: Setting CVar [[r.DOF.Kernel.MaxBackgroundRadius:0.025]]
[2020.08.27-08.48.38:736][  0]LogConfig: Applying CVar settings from Section [TextureQuality@3] File [G:/TDM_FPS_PVP/Saved/Config/Windows/Scalability.ini]
[2020.08.27-08.48.38:736][  0]LogConfig: Setting CVar [[r.Streaming.MipBias:0]]
[2020.08.27-08.48.38:736][  0]LogConfig: Setting CVar [[r.Streaming.AmortizeCPUToGPUCopy:0]]
[2020.08.27-08.48.38:736][  0]LogConfig: Setting CVar [[r.Streaming.MaxNumTexturesToStreamPerFrame:0]]
[2020.08.27-08.48.38:736][  0]LogConfig: Setting CVar [[r.Streaming.Boost:1]]
[2020.08.27-08.48.38:736][  0]LogConfig: Setting CVar [[r.MaxAnisotropy:8]]
[2020.08.27-08.48.38:736][  0]LogConfig: Setting CVar [[r.VT.MaxAnisotropy:8]]
[2020.08.27-08.48.38:736][  0]LogConfig: Setting CVar [[r.Streaming.LimitPoolSizeToVRAM:0]]
[2020.08.27-08.48.38:736][  0]LogConfig: Setting CVar [[r.Streaming.PoolSize:1000]]
[2020.08.27-08.48.38:736][  0]LogConfig: Setting CVar [[r.Streaming.MaxEffectiveScreenSize:0]]
[2020.08.27-08.48.38:736][  0]LogConfig: Applying CVar settings from Section [EffectsQuality@3] File [G:/TDM_FPS_PVP/Saved/Config/Windows/Scalability.ini]
[2020.08.27-08.48.38:736][  0]LogConfig: Setting CVar [[r.TranslucencyLightingVolumeDim:64]]
[2020.08.27-08.48.38:736][  0]LogConfig: Setting CVar [[r.RefractionQuality:2]]
[2020.08.27-08.48.38:736][  0]LogConfig: Setting CVar [[r.SSR.Quality:3]]
[2020.08.27-08.48.38:736][  0]LogConfig: Setting CVar [[r.SSR.HalfResSceneColor:0]]
[2020.08.27-08.48.38:736][  0]LogConfig: Setting CVar [[r.SceneColorFormat:4]]
[2020.08.27-08.48.38:736][  0]LogConfig: Setting CVar [[r.DetailMode:2]]
[2020.08.27-08.48.38:736][  0]LogConfig: Setting CVar [[r.TranslucencyVolumeBlur:1]]
[2020.08.27-08.48.38:736][  0]LogConfig: Setting CVar [[r.MaterialQualityLevel:1 ; High quality]]
[2020.08.27-08.48.38:736][  0]LogConfig: Setting CVar [[r.SSS.Scale:1]]
[2020.08.27-08.48.38:736][  0]LogConfig: Setting CVar [[r.SSS.SampleSet:2]]
[2020.08.27-08.48.38:736][  0]LogConfig: Setting CVar [[r.SSS.Quality:1]]
[2020.08.27-08.48.38:736][  0]LogConfig: Setting CVar [[r.SSS.HalfRes:0]]
[2020.08.27-08.48.38:736][  0]LogConfig: Setting CVar [[r.SSGI.Quality:3]]
[2020.08.27-08.48.38:736][  0]LogConfig: Setting CVar [[r.EmitterSpawnRateScale:1.0]]
[2020.08.27-08.48.38:736][  0]LogConfig: Setting CVar [[r.ParticleLightQuality:2]]
[2020.08.27-08.48.38:737][  0]LogConfig: Setting CVar [[r.SkyAtmosphere.AerialPerspectiveLUT.FastApplyOnOpaque:1 ; Always have FastSkyLUT 1 in this case to avoid wrong sky]]
[2020.08.27-08.48.38:737][  0]LogConfig: Setting CVar [[r.SkyAtmosphere.AerialPerspectiveLUT.SampleCountPerSlice:1]]
[2020.08.27-08.48.38:737][  0]LogConfig: Setting CVar [[r.SkyAtmosphere.AerialPerspectiveLUT.DepthResolution:16.0]]
[2020.08.27-08.48.38:737][  0]LogConfig: Setting CVar [[r.SkyAtmosphere.FastSkyLUT:1]]
[2020.08.27-08.48.38:737][  0]LogConfig: Setting CVar [[r.SkyAtmosphere.FastSkyLUT.SampleCountMin:4.0]]
[2020.08.27-08.48.38:737][  0]LogConfig: Setting CVar [[r.SkyAtmosphere.FastSkyLUT.SampleCountMax:32.0]]
[2020.08.27-08.48.38:737][  0]LogConfig: Setting CVar [[r.SkyAtmosphere.SampleCountMin:4.0]]
[2020.08.27-08.48.38:737][  0]LogConfig: Setting CVar [[r.SkyAtmosphere.SampleCountMax:32.0]]
[2020.08.27-08.48.38:737][  0]LogConfig: Setting CVar [[r.SkyAtmosphere.TransmittanceLUT.UseSmallFormat:0]]
[2020.08.27-08.48.38:737][  0]LogConfig: Setting CVar [[r.SkyAtmosphere.TransmittanceLUT.SampleCount:10.0]]
[2020.08.27-08.48.38:737][  0]LogConfig: Setting CVar [[r.SkyAtmosphere.MultiScatteringLUT.SampleCount:15.0]]
[2020.08.27-08.48.38:737][  0]LogConfig: Applying CVar settings from Section [FoliageQuality@3] File [G:/TDM_FPS_PVP/Saved/Config/Windows/Scalability.ini]
[2020.08.27-08.48.38:737][  0]LogConfig: Setting CVar [[foliage.DensityScale:1.0]]
[2020.08.27-08.48.38:737][  0]LogConfig: Setting CVar [[grass.DensityScale:1.0]]
[2020.08.27-08.48.38:737][  0]LogConfig: Applying CVar settings from Section [ShadingQuality@3] File [G:/TDM_FPS_PVP/Saved/Config/Windows/Scalability.ini]
[2020.08.27-08.48.38:737][  0]LogConfig: Setting CVar [[r.HairStrands.SkyLighting.SampleCount:16]]
[2020.08.27-08.48.38:737][  0]LogConfig: Setting CVar [[r.HairStrands.SkyLighting.JitterIntegration:0]]
[2020.08.27-08.48.38:737][  0]LogConfig: Setting CVar [[r.HairStrands.SkyAO.SampleCount:16]]
[2020.08.27-08.48.38:737][  0]LogConfig: Setting CVar [[r.HairStrands.DeepShadow.SuperSampling:0]]
[2020.08.27-08.48.38:737][  0]LogConfig: Setting CVar [[r.HairStrands.VisibilityPPLL:0]]
[2020.08.27-08.48.38:737][  0]LogConfig: Setting CVar [[r.HairStrands.RasterizationScale:0.5]]
[2020.08.27-08.48.38:737][  0]LogConfig: Setting CVar [[r.HairStrands.VelocityRasterizationScale:1]]
[2020.08.27-08.48.38:737][  0]LogConfig: Applying CVar settings from Section [Startup] File [../../../Engine/Config/ConsoleVariables.ini]
[2020.08.27-08.48.38:760][  0]LogConfig: Setting CVar [[net.UseAdaptiveNetUpdateFrequency:0]]
[2020.08.27-08.48.38:760][  0]LogConfig: Setting CVar [[p.chaos.AllowCreatePhysxBodies:1]]
[2020.08.27-08.48.38:760][  0]LogConfig: Setting CVar [[fx.SkipVectorVMBackendOptimizations:1]]
[2020.08.27-08.48.38:760][  0]LogConfig: Applying CVar settings from Section [ConsoleVariables] File [G:/TDM_FPS_PVP/Saved/Config/Windows/Engine.ini]
[2020.08.27-08.48.38:941][  0]LogInit: Computer: DESKTOP-L1GDRMJ
[2020.08.27-08.48.38:941][  0]LogInit: User: user
[2020.08.27-08.48.38:953][  0]LogInit: CPU Page size=4096, Cores=4
[2020.08.27-08.48.38:953][  0]LogInit: High frequency timer resolution =10.000000 MHz
[2020.08.27-08.48.38:954][  0]LogMemory: Memory total: Physical=16.0GB (16GB approx)
[2020.08.27-08.48.38:965][  0]LogMemory: Platform Memory Stats for Windows
[2020.08.27-08.48.38:965][  0]LogMemory: Process Physical Memory: 113.75 MB used, 113.76 MB peak
[2020.08.27-08.48.38:965][  0]LogMemory: Process Virtual Memory: 100.01 MB used, 100.01 MB peak
[2020.08.27-08.48.38:965][  0]LogMemory: Physical Memory: 9950.86 MB used,  6386.52 MB free, 16337.38 MB total
[2020.08.27-08.48.38:966][  0]LogMemory: Virtual Memory: 5147.17 MB used,  134212584.00 MB free, 134217728.00 MB total
[2020.08.27-08.48.39:005][  0]LogWindows: WindowsPlatformFeatures enabled
[2020.08.27-08.48.40:246][  0]LogInit: Physics initialised using underlying interface: PhysX
[2020.08.27-08.48.40:271][  0]LogInit: Using OS detected language (en-US).
[2020.08.27-08.48.40:271][  0]LogInit: Using OS detected locale (en-US).
[2020.08.27-08.48.40:499][  0]LogTextLocalizationManager: No specific localization for 'en-US' exists, so the 'en' localization will be used.
[2020.08.27-08.48.41:607][  0]LogInit: Setting process to per monitor DPI aware
[2020.08.27-08.48.42:548][  0]LogSlate: New Slate User Created.  User Index 0, Is Virtual User: 0
[2020.08.27-08.48.42:548][  0]LogSlate: Slate User Registered.  User Index 0, Is Virtual User: 0
[2020.08.27-08.48.46:715][  0]LogHMD: Failed to initialize OpenVR with code 110
[2020.08.27-08.48.46:715][  0]LogD3D11RHI: D3D11 min allowed feature level: 11_0
[2020.08.27-08.48.46:715][  0]LogD3D11RHI: D3D11 max allowed feature level: 11_0
[2020.08.27-08.48.46:715][  0]LogD3D11RHI: D3D11 adapters:
[2020.08.27-08.48.46:884][  0]LogD3D11RHI:    0. 'NVIDIA GeForce GTX 1060 3GB' (Feature Level 11_0)
[2020.08.27-08.48.46:884][  0]LogD3D11RHI:       2988/0/8168 MB DedicatedVideo/DedicatedSystem/SharedSystem, Outputs:2, VendorId:0x10de
[2020.08.27-08.48.46:889][  0]LogD3D11RHI:    1. 'Microsoft Basic Render Driver' (Feature Level 11_0)
[2020.08.27-08.48.46:889][  0]LogD3D11RHI:       0/0/8168 MB DedicatedVideo/DedicatedSystem/SharedSystem, Outputs:0, VendorId:0x1414
[2020.08.27-08.48.46:889][  0]LogD3D11RHI: Chosen D3D11 Adapter: 0
[2020.08.27-08.48.47:293][  0]LogD3D11RHI: Creating new Direct3DDevice
[2020.08.27-08.48.47:293][  0]LogD3D11RHI:     GPU DeviceId: 0x1c02 (for the marketing name, search the web for "GPU Device Id")
[2020.08.27-08.48.47:323][  0]LogWindows: EnumDisplayDevices:
[2020.08.27-08.48.47:323][  0]LogWindows:    0. 'NVIDIA GeForce GTX 1060 3GB' (P:1 D:1)
[2020.08.27-08.48.47:324][  0]LogWindows:    1. 'NVIDIA GeForce GTX 1060 3GB' (P:0 D:1)
[2020.08.27-08.48.47:324][  0]LogWindows:    2. 'NVIDIA GeForce GTX 1060 3GB' (P:0 D:0)
[2020.08.27-08.48.47:325][  0]LogWindows:    3. 'NVIDIA GeForce GTX 1060 3GB' (P:0 D:0)
[2020.08.27-08.48.47:325][  0]LogWindows: DebugString: FoundDriverCount:4 
[2020.08.27-08.48.47:325][  0]LogD3D11RHI:     Adapter Name: NVIDIA GeForce GTX 1060 3GB
[2020.08.27-08.48.47:325][  0]LogD3D11RHI:   Driver Version: 451.67 (internal:27.21.14.5167, unified:451.67)
[2020.08.27-08.48.47:325][  0]LogD3D11RHI:      Driver Date: 7-5-2020
[2020.08.27-08.48.47:326][  0]LogRHI: Texture pool is 2091 MB (70% of 2988 MB)
[2020.08.27-08.48.47:429][  0]LogD3D11RHI: RHI has support for 64 bit atomics
[2020.08.27-08.48.47:445][  0]LogD3D11RHI: [Aftermath] Enabled and primed
[2020.08.27-08.48.47:445][  0]LogD3D11RHI: Async texture creation enabled
[2020.08.27-08.48.47:445][  0]LogD3D11RHI: Array index from any shader is supported
[2020.08.27-08.48.48:250][  0]LogD3D11RHI: GPU Timing Frequency: 1000.000000 (Debug: 2 1)
[2020.08.27-08.48.50:763][  0]LogTargetPlatformManager: Display: Loaded TargetPlatform 'AllDesktop'
[2020.08.27-08.48.50:943][  0]LogTargetPlatformManager: Display: Loaded TargetPlatform 'Android'
[2020.08.27-08.48.50:943][  0]LogTargetPlatformManager: Display: Loaded TargetPlatform 'Android_ASTC'
[2020.08.27-08.48.50:943][  0]LogTargetPlatformManager: Display: Loaded TargetPlatform 'Android_DXT'
[2020.08.27-08.48.50:943][  0]LogTargetPlatformManager: Display: Loaded TargetPlatform 'Android_ETC2'
[2020.08.27-08.48.50:943][  0]LogTargetPlatformManager: Display: Loaded TargetPlatform 'AndroidClient'
[2020.08.27-08.48.50:943][  0]LogTargetPlatformManager: Display: Loaded TargetPlatform 'Android_ASTCClient'
[2020.08.27-08.48.50:943][  0]LogTargetPlatformManager: Display: Loaded TargetPlatform 'Android_DXTClient'
[2020.08.27-08.48.50:943][  0]LogTargetPlatformManager: Display: Loaded TargetPlatform 'Android_ETC2Client'
[2020.08.27-08.48.50:943][  0]LogTargetPlatformManager: Display: Loaded TargetPlatform 'Android_Multi'
[2020.08.27-08.48.50:943][  0]LogTargetPlatformManager: Display: Loaded TargetPlatform 'Android_MultiClient'
[2020.08.27-08.48.51:161][  0]LogTargetPlatformManager: Display: Loaded TargetPlatform 'IOSClient'
[2020.08.27-08.48.51:161][  0]LogTargetPlatformManager: Display: Loaded TargetPlatform 'IOS'
[2020.08.27-08.48.51:365][  0]LogTargetPlatformManager: Display: Loaded TargetPlatform 'Linux'
[2020.08.27-08.48.51:474][  0]LogTargetPlatformManager: Display: Loaded TargetPlatform 'LinuxNoEditor'
[2020.08.27-08.48.51:620][  0]LogTargetPlatformManager: Display: Loaded TargetPlatform 'LinuxClient'
[2020.08.27-08.48.51:649][  0]LogTargetPlatformManager: Display: Loaded TargetPlatform 'LinuxServer'
[2020.08.27-08.48.51:695][  0]LogTargetPlatformManager: Display: Loaded TargetPlatform 'LinuxAArch64NoEditor'
[2020.08.27-08.48.51:726][  0]LogTargetPlatformManager: Display: Loaded TargetPlatform 'LinuxAArch64Client'
[2020.08.27-08.48.51:753][  0]LogTargetPlatformManager: Display: Loaded TargetPlatform 'LinuxAArch64Server'
[2020.08.27-08.48.51:959][  0]LogTargetPlatformManager: Display: Loaded TargetPlatform 'Lumin'
[2020.08.27-08.48.51:959][  0]LogTargetPlatformManager: Display: Loaded TargetPlatform 'LuminClient'
[2020.08.27-08.48.52:047][  0]LogTargetPlatformManager: Display: Loaded TargetPlatform 'TVOSClient'
[2020.08.27-08.48.52:047][  0]LogTargetPlatformManager: Display: Loaded TargetPlatform 'TVOS'
[2020.08.27-08.48.52:125][  0]LogTargetPlatformManager: Display: Loaded TargetPlatform 'WindowsNoEditor'
[2020.08.27-08.48.52:214][  0]LogTargetPlatformManager: Display: Loaded TargetPlatform 'Windows'
[2020.08.27-08.48.52:294][  0]LogTargetPlatformManager: Display: Loaded TargetPlatform 'WindowsClient'
[2020.08.27-08.48.52:338][  0]LogTargetPlatformManager: Display: Loaded TargetPlatform 'WindowsServer'
[2020.08.27-08.48.52:338][  0]LogTargetPlatformManager: Display: Building Assets For Windows
[2020.08.27-08.48.52:668][  0]LogAudioDebug: Display: Lib vorbis DLL was dynamically loaded.
[2020.08.27-08.48.53:912][  0]LogShaderCompilers: Guid format shader working directory is 31 characters bigger than the processId version (G:/TDM_FPS_PVP/Intermediate/Shaders/WorkingDirectory/6120/).
[2020.08.27-08.48.53:912][  0]LogShaderCompilers: Cleaned the shader compiler working directory 'C:/Users/user/AppData/Local/Temp/UnrealShaderWorkingDir/2175F1204B0CEBCCEAF225AABD9EF1B1/'.
[2020.08.27-08.48.54:034][  0]LogXGEController: Cannot use XGE Controller as Incredibuild is not installed on this machine.
[2020.08.27-08.48.54:034][  0]LogShaderCompilers: Cannot use XGE Shader Compiler as Incredibuild is not installed on this machine.
[2020.08.27-08.48.54:035][  0]LogShaderCompilers: Display: Using Local Shader Compiler.
[2020.08.27-08.48.59:406][  0]LogDerivedDataCache: Display: Max Cache Size: 512 MB
[2020.08.27-08.48.59:768][  0]LogDerivedDataCache: Loaded boot cache 0.36s 75MB C:/Users/user/AppData/Local/UnrealEngine/4.25/DerivedDataCache/Boot.ddc.
[2020.08.27-08.48.59:768][  0]LogDerivedDataCache: Display: Loaded Boot cache: C:/Users/user/AppData/Local/UnrealEngine/4.25/DerivedDataCache/Boot.ddc
[2020.08.27-08.48.59:768][  0]LogDerivedDataCache: FDerivedDataBackendGraph:  Pak pak cache file G:/TDM_FPS_PVP/DerivedDataCache/DDC.ddp not found, will not use a pak cache.
[2020.08.27-08.48.59:768][  0]LogDerivedDataCache: Unable to find inner node Pak for hierarchical cache Hierarchy.
[2020.08.27-08.48.59:768][  0]LogDerivedDataCache: FDerivedDataBackendGraph:  CompressedPak pak cache file G:/TDM_FPS_PVP/DerivedDataCache/Compressed.ddp not found, will not use a pak cache.
[2020.08.27-08.48.59:768][  0]LogDerivedDataCache: Unable to find inner node CompressedPak for hierarchical cache Hierarchy.
[2020.08.27-08.48.59:865][  0]LogDerivedDataCache: Display: Pak cache opened for reading ../../../Engine/DerivedDataCache/Compressed.ddp.
[2020.08.27-08.48.59:865][  0]LogDerivedDataCache: FDerivedDataBackendGraph:  EnterprisePak pak cache file ../../../Enterprise/DerivedDataCache/Compressed.ddp not found, will not use a pak cache.
[2020.08.27-08.48.59:865][  0]LogDerivedDataCache: Unable to find inner node EnterprisePak for hierarchical cache Hierarchy.
[2020.08.27-08.48.59:867][  0]LogDerivedDataCache: Using Local data cache path C:/Users/user/AppData/Local/UnrealEngine/Common/DerivedDataCache: Writable
[2020.08.27-08.48.59:867][  0]LogDerivedDataCache: Shared data cache path not found in *engine.ini, will not use an Shared cache.
[2020.08.27-08.48.59:867][  0]LogDerivedDataCache: Unable to find inner node Shared for hierarchical cache Hierarchy.
[2020.08.27-08.49.00:076][  0]LogSlate: Using FreeType 2.10.0
[2020.08.27-08.49.00:274][  0]LogSlate: SlateFontServices - WITH_FREETYPE: 1, WITH_HARFBUZZ: 1
[2020.08.27-08.49.01:497][  0]LogAssetRegistry: FAssetRegistry took 0.0108 seconds to start up
[2020.08.27-08.49.10:252][  0]LogInit: Selected Device Profile: [Windows]
[2020.08.27-08.49.14:535][  0]LogMeshReduction: Using QuadricMeshReduction for automatic static mesh reduction
[2020.08.27-08.49.14:535][  0]LogMeshReduction: Using SimplygonMeshReduction for automatic skeletal mesh reduction
[2020.08.27-08.49.14:535][  0]LogMeshReduction: Using ProxyLODMeshReduction for automatic mesh merging
[2020.08.27-08.49.14:535][  0]LogMeshReduction: No distributed automatic mesh merging module available
[2020.08.27-08.49.14:535][  0]LogMeshMerging: No distributed automatic mesh merging module available
[2020.08.27-08.49.16:162][  0]LogNetVersion: TDM_FPS_PVP 1.0.0, NetCL: 13144385, EngineNetVer: 14, GameNetVer: 0 (Checksum: 3130369997)
[2020.08.27-08.49.59:027][  0]LogAISub: UAISubsystem::UAISubsystem AISubsystem (00000246ACAA4D80), frame # 0
[2020.08.27-08.49.59:027][  0]LogAISub: UAISubsystem::UAISubsystem AIPerceptionSystem (00000246AC854680), frame # 0
[2020.08.27-08.49.59:038][  0]LogAISub: UAISubsystem::UAISubsystem EnvQueryManager (00000246AC881C00), frame # 0
[2020.08.27-08.50.00:757][  0]LogPackageLocalizationCache: Processed 19 localized package path(s) for 1 prioritized culture(s) in 0.527437 seconds
[2020.08.27-08.50.00:865][  0]LogUObjectArray: 15917 objects as part of root set at end of initial load.
[2020.08.27-08.50.00:875][  0]LogUObjectAllocator: 3965568 out of 0 bytes used by permanent object pool.
[2020.08.27-08.50.00:875][  0]LogUObjectArray: CloseDisregardForGC: 0/0 objects in disregard for GC pool
[2020.08.27-08.50.17:112][  0]LogTcpMessaging: Initializing TcpMessaging bridge
[2020.08.27-08.50.17:202][  0]LogUdpMessaging: Initializing bridge on interface 0.0.0.0:0 to multicast group 230.0.0.1:6666.
[2020.08.27-08.50.18:918][  0]SourceControl: Source control is disabled
[2020.08.27-08.50.18:920][  0]SourceControl: Source control is disabled
[2020.08.27-08.50.19:092][  0]SourceControl: Source control is disabled
[2020.08.27-08.50.19:141][  0]SourceControl: Source control is disabled
[2020.08.27-08.50.19:228][  0]SourceControl: Source control is disabled
[2020.08.27-08.50.25:273][  0]LogAndroidPermission: UAndroidPermissionCallbackProxy::GetInstance
[2020.08.27-08.50.25:638][  0]LogAudioCaptureCore: Display: No Audio Capture implementations found. Audio input will be silent.
[2020.08.27-08.50.25:638][  0]LogAudioCaptureCore: Display: No Audio Capture implementations found. Audio input will be silent.
[2020.08.27-08.50.26:150][  0]LogOcInput: OculusInput pre-init called
[2020.08.27-08.50.26:324][  0]LogWindows: Failed to load 'OVRPlugin.dll' (GetLastError=126)
[2020.08.27-08.50.26:325][  0]LogWindows: File 'OVRPlugin.dll' does not exist
[2020.08.27-08.50.29:165][  0]LogEngine: Initializing Engine...
[2020.08.27-08.50.29:242][  0]LogHMD: Failed to initialize OpenVR with code 110
[2020.08.27-08.50.29:251][  0]LogMagicLeap: Warning: VR disabled because ZI is not enabled.  To enable, in the editor, Edit -> Project Settings -> Plugins -> Magic Leap Plugin -> Enable Zero Iteration
[2020.08.27-08.50.29:303][  0]LogStats: UGameplayTagsManager::InitializeManager -  0.018 s
[2020.08.27-08.50.30:779][  0]LogInit: Initializing FReadOnlyCVARCache
[2020.08.27-08.50.31:664][  0]LogAIModule: Creating AISystem for world Untitled
[2020.08.27-08.50.31:664][  0]LogAISub: UAISubsystem::UAISubsystem EnvQueryManager (00000246B14A0600), frame # 0
[2020.08.27-08.50.31:664][  0]LogAISub: UAISubsystem::UAISubsystem AIPerceptionSystem (00000246B149DBC0), frame # 0
[2020.08.27-08.50.31:918][  0]LogAudioMixer: Display: Audio Mixer Platform Settings:
[2020.08.27-08.50.31:918][  0]LogAudioMixer: Display: 	Sample Rate:						  48000
[2020.08.27-08.50.31:918][  0]LogAudioMixer: Display: 	Callback Buffer Frame Size Requested: 1024
[2020.08.27-08.50.31:918][  0]LogAudioMixer: Display: 	Callback Buffer Frame Size To Use:	  1024
[2020.08.27-08.50.31:918][  0]LogAudioMixer: Display: 	Number of buffers to queue:			  2
[2020.08.27-08.50.31:918][  0]LogAudioMixer: Display: 	Max Channels (voices):				  32
[2020.08.27-08.50.31:918][  0]LogAudioMixer: Display: 	Number of Async Source Workers:		  0
[2020.08.27-08.50.31:918][  0]LogAudio: Display: AudioDevice MaxSources: 32
[2020.08.27-08.50.31:941][  0]LogAudio: Display: Using built-in audio occlusion.
[2020.08.27-08.50.31:941][  0]LogAudioMixer: Display: Initializing audio mixer.
[2020.08.27-08.50.32:174][  0]LogAudioMixer: Display: 0: FrontLeft
[2020.08.27-08.50.32:174][  0]LogAudioMixer: Display: 1: FrontRight
[2020.08.27-08.50.32:220][  0]LogAudioMixer: Display: Using Audio Device Headphones (High Definition Audio Device)
[2020.08.27-08.50.32:261][  0]LogAudioMixer: Display: Initializing Sound Submixes...
[2020.08.27-08.50.32:427][  0]LogAudioMixer: Display: Creating Master Submix 'MasterSubmixDefault'
[2020.08.27-08.50.32:427][  0]LogAudioMixer: Display: Creating Master Submix 'MasterReverbSubmixDefault'
[2020.08.27-08.50.32:447][  0]LogAudioMixer: Display: Creating Master Submix 'MasterEQSubmixDefault'
[2020.08.27-08.50.32:448][  0]LogInit: FAudioDevice initialized.
[2020.08.27-08.50.32:457][  0]LogNetVersion: Set ProjectVersion to 1.0.0.0. Version Checksum will be recalculated on next use.
[2020.08.27-08.50.32:630][  0]LogDerivedDataCache: Saved boot cache 0.17s 75MB C:/Users/user/AppData/Local/UnrealEngine/4.25/DerivedDataCache/Boot.ddc.
[2020.08.27-08.50.32:635][  0]LogInit: Texture streaming: Enabled
[2020.08.27-08.50.33:214][  0]LogEngineSessionManager: EngineSessionManager initialized
[2020.08.27-08.50.33:214][  0]LogEditorSessionSummary: Verbose: Initializing EditorSessionSummaryWriter for editor session tracking
[2020.08.27-08.50.33:275][  0]LogEditorSessionSummary: EditorSessionSummaryWriter initialized
[2020.08.27-08.50.33:845][  0]LogInit: Transaction tracking system initialized
[2020.08.27-08.50.35:345][  0]BlueprintLog: New page: Editor Load
[2020.08.27-08.50.37:675][  0]LocalizationService: Localization service is disabled
[2020.08.27-08.50.42:538][  0]LogFileCache: Scanning file cache for directory 'G:/TDM_FPS_PVP/Content/' took 0.04s
[2020.08.27-08.50.42:538][  0]LogCook: Display: Max memory allowance for cook 16384mb min free memory 0mb
[2020.08.27-08.50.42:550][  0]LogCook: Display: Mobile HDR setting 1
[2020.08.27-08.50.47:666][  0]SourceControl: Source control is disabled
[2020.08.27-08.50.47:673][  0]LogUnrealEdMisc: Loading editor; pre map load, took 170.503
[2020.08.27-08.50.47:723][  0]Cmd: MAP LOAD FILE="G:/TDM_FPS_PVP/Content/ThirdPersonBP/Maps/ThirdPersonExampleMap.umap" TEMPLATE=0 SHOWPROGRESS=1 FEATURELEVEL=3
[2020.08.27-08.50.47:739][  0]LightingResults: New page: Lighting Build
[2020.08.27-08.50.47:986][  0]LogWorld: UWorld::CleanupWorld for Untitled, bSessionEnded=true, bCleanupResources=true
[2020.08.27-08.50.48:054][  0]LogSlate: InvalidateAllWidgets triggered.  All widgets were invalidated
[2020.08.27-08.50.48:103][  0]MapCheck: New page: Map Check
[2020.08.27-08.50.48:103][  0]LightingResults: New page: Lighting Build
[2020.08.27-08.50.48:771][  0]LogAISub: UAISubsystem::~UAISubsystem EnvQueryManager (00000246B14A0600), frame # 0
[2020.08.27-08.50.48:771][  0]LogAISub: UAISubsystem::~UAISubsystem AIPerceptionSystem (00000246B149DBC0), frame # 0
[2020.08.27-08.50.48:773][  0]LogUObjectHash: Compacting FUObjectHashTables data took   0.80ms
[2020.08.27-08.50.51:865][  0]LogAIModule: Creating AISystem for world ThirdPersonExampleMap
[2020.08.27-08.50.51:865][  0]LogAISub: UAISubsystem::UAISubsystem EnvQueryManager (00000246A384BE00), frame # 0
[2020.08.27-08.50.51:865][  0]LogAISub: UAISubsystem::UAISubsystem AIPerceptionSystem (00000246A385F240), frame # 0
[2020.08.27-08.50.53:103][  0]LogEditorServer: Finished looking for orphan Actors (0.031 secs)
[2020.08.27-08.50.53:399][  0]LogUObjectHash: Compacting FUObjectHashTables data took   0.93ms
[2020.08.27-08.50.53:401][  0]Cmd: MAP CHECKDEP NOCLEARLOG
[2020.08.27-08.50.53:416][  0]MapCheck: Map check complete: 0 Error(s), 0 Warning(s), took 1.072ms to complete.
[2020.08.27-08.50.53:418][  0]LogFileHelpers: Loading map 'ThirdPersonExampleMap' took 5.732
[2020.08.27-08.50.55:805][  0]LogUnrealEdMisc: Total Editor Startup Time, took 178.635
[2020.08.27-08.50.57:917][  0]LogSlate: Updating window title bar state: overlay mode, drag disabled, window buttons hidden, title bar hidden
[2020.08.27-08.50.57:931][  0]LogSlate: Updating window title bar state: overlay mode, drag disabled, window buttons hidden, title bar hidden
[2020.08.27-08.50.57:941][  0]LogSlate: Updating window title bar state: overlay mode, drag disabled, window buttons hidden, title bar hidden
[2020.08.27-08.50.57:950][  0]LogSlate: Updating window title bar state: overlay mode, drag disabled, window buttons hidden, title bar hidden
[2020.08.27-08.50.58:138][  0]LogCollectionManager: Loaded 0 collections in 0.001927 seconds
[2020.08.27-08.50.58:397][  0]LogFileCache: Scanning file cache for directory 'G:/TDM_FPS_PVP/Saved/Collections/' took 0.00s
[2020.08.27-08.50.58:397][  0]LogFileCache: Scanning file cache for directory 'G:/TDM_FPS_PVP/Content/Developers/user/Collections/' took 0.00s
[2020.08.27-08.50.58:397][  0]LogFileCache: Scanning file cache for directory 'G:/TDM_FPS_PVP/Content/Collections/' took 0.00s
[2020.08.27-08.50.58:397][  0]LogContentBrowser: Native class hierarchy populated in 0.0122 seconds. Added 3427 classes and 821 folders.
[2020.08.27-08.50.58:737][  0]LogContentBrowser: Native class hierarchy updated for 'WidgetCarousel' in 0.0003 seconds. Added 0 classes and 0 folders.
[2020.08.27-08.51.00:909][  0]LogContentBrowser: Native class hierarchy updated for 'AddContentDialog' in 0.0003 seconds. Added 0 classes and 0 folders.
[2020.08.27-08.51.01:045][  0]LogContentBrowser: Native class hierarchy updated for 'SceneOutliner' in 0.0003 seconds. Added 2 classes and 0 folders.
[2020.08.27-08.51.05:830][  0]LogSlate: Took 0.038428 seconds to synchronously load lazily loaded font '../../../Engine/Content/Slate/Fonts/Roboto-Regular.ttf' (155K)
[2020.08.27-08.51.06:011][  0]LogSlate: Took 0.031411 seconds to synchronously load lazily loaded font '../../../Engine/Content/Slate/Fonts/Roboto-Bold.ttf' (160K)
[2020.08.27-08.51.06:165][  0]LogSlate: Took 0.029057 seconds to synchronously load lazily loaded font '../../../Engine/Content/Editor/Slate/Fonts/FontAwesome.ttf' (139K)
[2020.08.27-08.51.07:641][  0]LogRenderer: Reallocating scene render targets to support 1228x636 Format 10 NumSamples 1 (Frame:1).
[2020.08.27-08.51.08:797][  0]LogContentBrowser: Native class hierarchy updated for 'HierarchicalLODOutliner' in 0.0003 seconds. Added 0 classes and 0 folders.
[2020.08.27-08.51.08:797][  0]LogLoad: (Engine Initialization) Total time: 191.63 seconds
[2020.08.27-08.51.08:797][  0]LogLoad: (Engine Initialization) Total Blueprint compile time: 0.00 seconds
[2020.08.27-08.51.09:694][  0]LogContentStreaming: Texture pool size now 1000 MB
[2020.08.27-08.51.10:211][  0]LogSlate: Took 0.024770 seconds to synchronously load lazily loaded font '../../../Engine/Content/Slate/Fonts/Roboto-Light.ttf' (167K)
[2020.08.27-08.51.10:939][  2]LogAssetRegistry: Asset discovery search completed in 129.4459 seconds
[2020.08.27-08.51.10:957][  2]LogCollectionManager: Fixed up redirectors for 0 collections in 0.000428 seconds (updated 0 objects)
[2020.08.27-09.42.12:245][161]LogMaterial: Display: Missing cached shader map for material LayerVisMaterial, compiling. 
[2020.08.27-09.42.12:594][161]LogShaderCompilers: Display: Worker (1/5): shaders left to compile 6
[2020.08.27-09.42.12:594][161]LogShaderCompilers: Display: Worker (2/5): shaders left to compile 4
[2020.08.27-09.42.12:594][161]LogShaderCompilers: Display: Worker (3/5): shaders left to compile 2
[2020.08.27-09.42.12:594][161]LogMaterial: Display: Missing cached shader map for material SelectBrushMaterial, compiling. 
[2020.08.27-09.42.12:667][161]LogMaterial: Display: Missing cached shader map for material SelectBrushMaterial, compiling. 
[2020.08.27-09.42.12:814][161]LogShaderCompilers: Display: Worker (4/5): shaders left to compile 36
[2020.08.27-09.42.12:815][161]LogMaterial: Display: Missing cached shader map for material MaskBrushMaterial, compiling. 
[2020.08.27-09.42.12:927][161]LogMaterial: Display: Missing cached shader map for material ColorMaskBrushMaterial, compiling. 
[2020.08.27-09.42.13:030][161]LogMaterial: Display: Missing cached shader map for material LandscapeDirtyMaterial, compiling. 
[2020.08.27-09.42.13:260][161]LogMaterial: Display: Missing cached shader map for material LandscapeLayerUsageMaterial, compiling. 
[2020.08.27-09.42.13:846][161]LogMaterial: Display: Missing cached shader map for material CircleBrushMaterial, compiling. 
[2020.08.27-09.42.13:878][161]LogMaterial: Display: Missing cached shader map for material CircleBrushMaterial, compiling. 
[2020.08.27-09.42.13:914][161]LogMaterial: Display: Missing cached shader map for material CircleBrushMaterial, compiling. 
[2020.08.27-09.42.13:933][161]LogMaterial: Display: Missing cached shader map for material CircleBrushMaterial, compiling. 
[2020.08.27-09.42.14:040][161]LogMaterial: Display: Missing cached shader map for material AlphaBrushMaterial, compiling. 
[2020.08.27-09.42.14:093][161]LogMaterial: Display: Missing cached shader map for material CircleBrushMaterial, compiling. 
[2020.08.27-09.42.14:132][161]LogMaterial: Display: Missing cached shader map for material MaskBrushMaterial, compiling. 
[2020.08.27-09.42.14:181][161]LogTexture: Display: Building textures: Texture2D_2 (G8, 128X128)
[2020.08.27-09.42.14:973][161]LogSlate: Took 0.076954 seconds to synchronously load lazily loaded font '../../../Engine/Content/Slate/Fonts/Roboto-Italic.ttf' (157K)
[2020.08.27-09.42.16:261][199]LogShaderCompilers: Display: Worker (3/5): shaders left to compile 212
[2020.08.27-09.42.16:581][222]LogShaderCompilers: Display: Worker (2/5): shaders left to compile 202
[2020.08.27-09.42.16:901][223]LogShaderCompilers: Display: Worker (1/5): shaders left to compile 192
[2020.08.27-09.42.19:926][466]LogShaderCompilers: Display: Worker (3/5): shaders left to compile 182
[2020.08.27-09.42.20:162][487]LogShaderCompilers: Display: Worker (4/5): shaders left to compile 172
[2020.08.27-09.42.20:384][505]LogShaderCompilers: Display: Worker (1/5): shaders left to compile 162
[2020.08.27-09.42.20:715][535]LogShaderCompilers: Display: Worker (2/5): shaders left to compile 152
[2020.08.27-09.42.23:853][809]LogShaderCompilers: Display: Worker (3/5): shaders left to compile 142
[2020.08.27-09.42.24:099][815]LogShaderCompilers: Display: Worker (4/5): shaders left to compile 132
[2020.08.27-09.42.24:728][868]LogShaderCompilers: Display: Worker (2/5): shaders left to compile 122
[2020.08.27-09.42.24:799][875]LogShaderCompilers: Display: Worker (1/5): shaders left to compile 112
[2020.08.27-09.42.27:595][ 34]LogShaderCompilers: Display: Worker (3/5): shaders left to compile 102
[2020.08.27-09.42.28:174][ 64]LogShaderCompilers: Display: Worker (4/5): shaders left to compile 92
[2020.08.27-09.42.28:554][ 87]LogShaderCompilers: Display: Worker (1/5): shaders left to compile 82
[2020.08.27-09.42.28:632][ 92]LogShaderCompilers: Display: Worker (2/5): shaders left to compile 72
[2020.08.27-09.42.31:811][268]LogShaderCompilers: Display: Worker (3/5): shaders left to compile 62
[2020.08.27-09.42.32:002][279]LogShaderCompilers: Display: Worker (4/5): shaders left to compile 52
[2020.08.27-09.42.32:351][297]LogShaderCompilers: Display: Worker (1/5): shaders left to compile 42
[2020.08.27-09.42.33:278][351]LogShaderCompilers: Display: Worker (2/5): shaders left to compile 32
[2020.08.27-09.42.35:580][476]LogShaderCompilers: Display: Worker (3/5): shaders left to compile 23
[2020.08.27-09.42.36:005][498]LogShaderCompilers: Display: Worker (4/5): shaders left to compile 17
[2020.08.27-09.42.36:201][509]LogShaderCompilers: Display: Worker (1/5): shaders left to compile 12
[2020.08.27-09.42.37:065][558]LogShaderCompilers: Display: Worker (2/5): shaders left to compile 8
[2020.08.27-09.42.37:536][583]LogShaderCompilers: Display: Worker (4/5): shaders left to compile 5
[2020.08.27-09.42.38:070][615]LogShaderCompilers: Display: Worker (2/5): shaders left to compile 3
[2020.08.27-09.42.38:226][623]LogShaderCompilers: Display: Worker (3/5): shaders left to compile 2
[2020.08.27-09.42.38:254][624]LogShaderCompilers: Display: Worker (4/5): shaders left to compile 1
[2020.08.27-09.46.09:685][156]LogSlate: Took 0.001071 seconds to synchronously load lazily loaded font '../../../Engine/Content/Slate/Fonts/Roboto-Light.ttf' (167K)
[2020.08.27-09.46.10:052][156]LogTexture: Display: Building textures: Texture2D_0 (BGRA8, 256X256)
[2020.08.27-09.46.10:056][156]LogMaterial: Display: Missing cached shader map for material WorldGridMaterial, compiling. Is special engine material.
[2020.08.27-09.46.10:767][156]LogShaderCompilers: Display: Worker (1/5): shaders left to compile 90
[2020.08.27-09.46.10:767][156]LogShaderCompilers: Display: Worker (2/5): shaders left to compile 89
[2020.08.27-09.46.10:767][156]LogShaderCompilers: Display: Worker (3/5): shaders left to compile 88
[2020.08.27-09.46.10:767][156]LogShaderCompilers: Display: Worker (4/5): shaders left to compile 87
[2020.08.27-09.46.10:767][156]LogShaderCompilers: Display: Worker (4/5): shaders left to compile 86
[2020.08.27-09.46.10:767][156]LogShaderCompilers: Display: Worker (1/5): shaders left to compile 85
[2020.08.27-09.46.11:328][156]LogShaderCompilers: Display: Worker (3/5): shaders left to compile 84
[2020.08.27-09.46.11:328][156]LogShaderCompilers: Display: Worker (2/5): shaders left to compile 83
[2020.08.27-09.46.11:328][156]LogShaderCompilers: Display: Worker (4/5): shaders left to compile 82
[2020.08.27-09.46.11:328][156]LogShaderCompilers: Display: Worker (3/5): shaders left to compile 81
[2020.08.27-09.46.11:328][156]LogShaderCompilers: Display: Worker (1/5): shaders left to compile 80
[2020.08.27-09.46.11:328][156]LogShaderCompilers: Display: Worker (4/5): shaders left to compile 79
[2020.08.27-09.46.11:889][156]LogShaderCompilers: Display: Worker (2/5): shaders left to compile 78
[2020.08.27-09.46.11:889][156]LogShaderCompilers: Display: Worker (1/5): shaders left to compile 77
[2020.08.27-09.46.11:889][156]LogShaderCompilers: Display: Worker (3/5): shaders left to compile 76
[2020.08.27-09.46.11:889][156]LogShaderCompilers: Display: Worker (2/5): shaders left to compile 75
[2020.08.27-09.46.11:889][156]LogShaderCompilers: Display: Worker (1/5): shaders left to compile 74
[2020.08.27-09.46.11:889][156]LogShaderCompilers: Display: Worker (4/5): shaders left to compile 73
[2020.08.27-09.46.11:889][156]LogShaderCompilers: Display: Worker (3/5): shaders left to compile 72
[2020.08.27-09.46.12:450][156]LogShaderCompilers: Display: Worker (3/5): shaders left to compile 71
[2020.08.27-09.46.12:450][156]LogShaderCompilers: Display: Worker (2/5): shaders left to compile 70
[2020.08.27-09.46.12:450][156]LogShaderCompilers: Display: Worker (4/5): shaders left to compile 69
[2020.08.27-09.46.12:450][156]LogShaderCompilers: Display: Worker (3/5): shaders left to compile 68
[2020.08.27-09.46.12:450][156]LogShaderCompilers: Display: Worker (1/5): shaders left to compile 67
[2020.08.27-09.46.12:450][156]LogShaderCompilers: Display: Worker (1/5): shaders left to compile 66
[2020.08.27-09.46.13:010][156]LogShaderCompilers: Display: Worker (4/5): shaders left to compile 65
[2020.08.27-09.46.13:010][156]LogShaderCompilers: Display: Worker (2/5): shaders left to compile 64
[2020.08.27-09.46.13:010][156]LogShaderCompilers: Display: Worker (3/5): shaders left to compile 63
[2020.08.27-09.46.13:010][156]LogShaderCompilers: Display: Worker (2/5): shaders left to compile 62
[2020.08.27-09.46.13:010][156]LogShaderCompilers: Display: Worker (1/5): shaders left to compile 61
[2020.08.27-09.46.13:010][156]LogShaderCompilers: Display: Worker (3/5): shaders left to compile 60
[2020.08.27-09.46.13:010][156]LogShaderCompilers: Display: Worker (4/5): shaders left to compile 59
[2020.08.27-09.46.13:571][156]LogShaderCompilers: Display: Worker (2/5): shaders left to compile 58
[2020.08.27-09.46.13:571][156]LogShaderCompilers: Display: Worker (1/5): shaders left to compile 57
[2020.08.27-09.46.13:571][156]LogShaderCompilers: Display: Worker (4/5): shaders left to compile 56
[2020.08.27-09.46.13:571][156]LogShaderCompilers: Display: Worker (3/5): shaders left to compile 55
[2020.08.27-09.46.13:571][156]LogShaderCompilers: Display: Worker (2/5): shaders left to compile 54
[2020.08.27-09.46.13:571][156]LogShaderCompilers: Display: Worker (4/5): shaders left to compile 53
[2020.08.27-09.46.14:132][156]LogShaderCompilers: Display: Worker (1/5): shaders left to compile 52
[2020.08.27-09.46.14:132][156]LogShaderCompilers: Display: Worker (2/5): shaders left to compile 51
[2020.08.27-09.46.14:132][156]LogShaderCompilers: Display: Worker (3/5): shaders left to compile 50
[2020.08.27-09.46.14:132][156]LogShaderCompilers: Display: Worker (1/5): shaders left to compile 49
[2020.08.27-09.46.14:132][156]LogShaderCompilers: Display: Worker (2/5): shaders left to compile 48
[2020.08.27-09.46.14:132][156]LogShaderCompilers: Display: Worker (3/5): shaders left to compile 47
[2020.08.27-09.46.14:132][156]LogShaderCompilers: Display: Worker (4/5): shaders left to compile 46
[2020.08.27-09.46.14:693][156]LogShaderCompilers: Display: Worker (4/5): shaders left to compile 45
[2020.08.27-09.46.14:693][156]LogShaderCompilers: Display: Worker (3/5): shaders left to compile 44
[2020.08.27-09.46.14:693][156]LogShaderCompilers: Display: Worker (1/5): shaders left to compile 43
[2020.08.27-09.46.14:693][156]LogShaderCompilers: Display: Worker (2/5): shaders left to compile 42
[2020.08.27-09.46.14:693][156]LogShaderCompilers: Display: Worker (1/5): shaders left to compile 41
[2020.08.27-09.46.15:254][156]LogShaderCompilers: Display: Worker (3/5): shaders left to compile 40
[2020.08.27-09.46.15:254][156]LogShaderCompilers: Display: Worker (2/5): shaders left to compile 39
[2020.08.27-09.46.15:254][156]LogShaderCompilers: Display: Worker (4/5): shaders left to compile 38
[2020.08.27-09.46.15:254][156]LogShaderCompilers: Display: Worker (4/5): shaders left to compile 37
[2020.08.27-09.46.15:254][156]LogShaderCompilers: Display: Worker (2/5): shaders left to compile 36
[2020.08.27-09.46.15:254][156]LogShaderCompilers: Display: Worker (3/5): shaders left to compile 35
[2020.08.27-09.46.15:254][156]LogShaderCompilers: Display: Worker (1/5): shaders left to compile 34
[2020.08.27-09.46.15:254][156]LogShaderCompilers: Display: Worker (2/5): shaders left to compile 33
[2020.08.27-09.46.15:254][156]LogShaderCompilers: Display: Worker (1/5): shaders left to compile 32
[2020.08.27-09.46.15:814][156]LogShaderCompilers: Display: Worker (4/5): shaders left to compile 31
[2020.08.27-09.46.15:814][156]LogShaderCompilers: Display: Worker (2/5): shaders left to compile 30
[2020.08.27-09.46.15:814][156]LogShaderCompilers: Display: Worker (3/5): shaders left to compile 29
[2020.08.27-09.46.15:814][156]LogShaderCompilers: Display: Worker (1/5): shaders left to compile 28
[2020.08.27-09.46.15:814][156]LogShaderCompilers: Display: Worker (4/5): shaders left to compile 27
[2020.08.27-09.46.15:814][156]LogShaderCompilers: Display: Worker (1/5): shaders left to compile 26
[2020.08.27-09.46.16:377][156]LogShaderCompilers: Display: Worker (4/5): shaders left to compile 25
[2020.08.27-09.46.16:377][156]LogShaderCompilers: Display: Worker (3/5): shaders left to compile 24
[2020.08.27-09.46.16:377][156]LogShaderCompilers: Display: Worker (2/5): shaders left to compile 23
[2020.08.27-09.46.16:377][156]LogShaderCompilers: Display: Worker (2/5): shaders left to compile 22
[2020.08.27-09.46.16:377][156]LogShaderCompilers: Display: Worker (4/5): shaders left to compile 21
[2020.08.27-09.46.16:377][156]LogShaderCompilers: Display: Worker (1/5): shaders left to compile 20
[2020.08.27-09.46.16:938][156]LogShaderCompilers: Display: Worker (3/5): shaders left to compile 19
[2020.08.27-09.46.16:938][156]LogShaderCompilers: Display: Worker (1/5): shaders left to compile 18
[2020.08.27-09.46.16:938][156]LogShaderCompilers: Display: Worker (2/5): shaders left to compile 17
[2020.08.27-09.46.16:938][156]LogShaderCompilers: Display: Worker (3/5): shaders left to compile 16
[2020.08.27-09.46.16:938][156]LogShaderCompilers: Display: Worker (4/5): shaders left to compile 15
[2020.08.27-09.46.16:938][156]LogShaderCompilers: Display: Worker (1/5): shaders left to compile 14
[2020.08.27-09.46.17:499][156]LogShaderCompilers: Display: Worker (2/5): shaders left to compile 13
[2020.08.27-09.46.17:499][156]LogShaderCompilers: Display: Worker (4/5): shaders left to compile 12
[2020.08.27-09.46.17:499][156]LogShaderCompilers: Display: Worker (1/5): shaders left to compile 11
[2020.08.27-09.46.17:499][156]LogShaderCompilers: Display: Worker (3/5): shaders left to compile 10
[2020.08.27-09.46.17:499][156]LogShaderCompilers: Display: Worker (4/5): shaders left to compile 9
[2020.08.27-09.46.17:499][156]LogShaderCompilers: Display: Worker (2/5): shaders left to compile 8
[2020.08.27-09.46.18:059][156]LogShaderCompilers: Display: Worker (3/5): shaders left to compile 7
[2020.08.27-09.46.18:059][156]LogShaderCompilers: Display: Worker (1/5): shaders left to compile 6
[2020.08.27-09.46.18:059][156]LogShaderCompilers: Display: Worker (2/5): shaders left to compile 5
[2020.08.27-09.46.18:059][156]LogShaderCompilers: Display: Worker (3/5): shaders left to compile 4
[2020.08.27-09.46.18:059][156]LogShaderCompilers: Display: Worker (4/5): shaders left to compile 3
[2020.08.27-09.46.18:059][156]LogShaderCompilers: Display: Worker (1/5): shaders left to compile 2
[2020.08.27-09.46.18:467][156]LogShaderCompilers: Display: Worker (2/5): shaders left to compile 1
[2020.08.27-09.46.18:812][156]LogSlate: WidgetSwitcher ('None') active index changed to 1
[2020.08.27-09.46.22:200][166]LogUObjectHash: Compacting FUObjectHashTables data took   9.16ms
[2020.08.27-09.46.22:776][166]LogSavePackage: Moving 'G:/TDM_FPS_PVP/Saved/ThirdPersonExampleMap_Auto19C69D4294D82BCC4801704B6C699A550.tmp' to 'G:/TDM_FPS_PVP/Saved/Autosaves/Game/ThirdPersonBP/Maps/ThirdPersonExampleMap_Auto1.umap'
[2020.08.27-09.46.22:813][166]LogFileHelpers: Editor autosave (incl. sublevels) for '/Game/ThirdPersonBP/Maps/ThirdPersonExampleMap' took 0.645
[2020.08.27-09.46.22:813][166]LogFileHelpers: Editor autosave (incl. sublevels) for all levels took 0.645
[2020.08.27-09.59.01:687][717]LogUObjectHash: Compacting FUObjectHashTables data took   0.90ms
[2020.08.27-09.59.01:939][717]Cmd: OBJ SAVEPACKAGE PACKAGE="/Game/ThirdPersonBP/Maps/ThirdPersonExampleMap" FILE="G:/TDM_FPS_PVP/Content/ThirdPersonBP/Maps/ThirdPersonExampleMap.umap" SILENT=true AUTOSAVING=false KEEPDIRTY=false
[2020.08.27-09.59.01:948][717]LogUObjectHash: Compacting FUObjectHashTables data took   0.26ms
[2020.08.27-09.59.02:061][717]LogSavePackage: Moving 'G:/TDM_FPS_PVP/Saved/ThirdPersonExampleMap5CC3F065494A6040B677ECAB7DD0CDC6.tmp' to 'G:/TDM_FPS_PVP/Content/ThirdPersonBP/Maps/ThirdPersonExampleMap.umap'
[2020.08.27-09.59.02:184][717]LogFileHelpers: Saving map 'ThirdPersonExampleMap' took 0.245
[2020.08.27-09.59.02:184][717]Cmd: OBJ SAVEPACKAGE PACKAGE="/Game/ThirdPersonBP/Maps/ThirdPersonExampleMap_BuiltData" FILE="G:/TDM_FPS_PVP/Content/ThirdPersonBP/Maps/ThirdPersonExampleMap_BuiltData.uasset" SILENT=true
[2020.08.27-09.59.02:464][717]LogSavePackage: Moving 'G:/TDM_FPS_PVP/Saved/ThirdPersonExampleMap_BuiltData3221C45F43F5CFCD3224AE8CE4B318D4.tmp' to 'G:/TDM_FPS_PVP/Content/ThirdPersonBP/Maps/ThirdPersonExampleMap_BuiltData.uasset'
[2020.08.27-09.59.02:526][717]AssetCheck: New page: Asset Save: multiple assets
[2020.08.27-09.59.02:526][717]LogContentValidation: Display: Validating World /Game/ThirdPersonBP/Maps/ThirdPersonExampleMap.ThirdPersonExampleMap
[2020.08.27-09.59.02:527][717]LogContentValidation: Display: Validating MapBuildDataRegistry /Game/ThirdPersonBP/Maps/ThirdPersonExampleMap_BuiltData.ThirdPersonExampleMap_BuiltData
